<?xml version="1.0" encoding="UTF-8"?>
<coverage generated="1555392077064" clover="3.2.0">
  <project timestamp="1555392077064" name="All files">
    <metrics statements="1" coveredstatements="0" conditionals="0" coveredconditionals="0" methods="1" coveredmethods="0" elements="2" coveredelements="0" complexity="0" loc="1" ncloc="1" packages="1" files="1" classes="1">
      <file name="HelloWorld.vue" path="D:\VUE TEST\testproj\vuejs-testing\src\components\HelloWorld.vue">
        <metrics statements="1" coveredstatements="0" conditionals="0" coveredconditionals="0" methods="1" coveredmethods="0"/>
        <line num="90" count="0" type="stmt"/>
      </file>
    </metrics>
  </project>
</coverage>
